TN:
SF:src/services/ai-game.service.ts
FN:9,(anonymous_0)
FN:13,(anonymous_1)
FN:25,(anonymous_2)
FN:29,(anonymous_3)
FN:42,(anonymous_4)
FN:48,(anonymous_5)
FN:55,(anonymous_6)
FN:56,(anonymous_7)
FN:62,(anonymous_8)
FNF:9
FNH:9
FNDA:8,(anonymous_0)
FNDA:11,(anonymous_1)
FNDA:4,(anonymous_2)
FNDA:7,(anonymous_3)
FNDA:8,(anonymous_4)
FNDA:4,(anonymous_5)
FNDA:9,(anonymous_6)
FNDA:9,(anonymous_7)
FNDA:8,(anonymous_8)
DA:3,1
DA:5,1
DA:10,8
DA:13,8
DA:14,11
DA:16,11
DA:17,71
DA:18,71
DA:19,71
DA:20,70
DA:22,7
DA:25,8
DA:26,4
DA:29,8
DA:31,7
DA:32,7
DA:35,4
DA:36,4
DA:39,3
DA:42,8
DA:43,2
DA:44,1
DA:48,4
DA:49,1
DA:50,0
DA:54,1
DA:55,9
DA:56,9
DA:58,1
DA:59,0
DA:62,8
DA:63,8
DA:64,1
LF:33
LH:31
BRDA:18,0,0,0
BRDA:18,1,0,71
BRDA:18,1,1,37
BRDA:18,1,2,6
BRDA:19,2,0,1
BRDA:19,3,0,71
BRDA:19,3,1,16
BRDA:19,3,2,2
BRDA:20,4,0,3
BRDA:20,5,0,70
BRDA:20,5,1,15
BRDA:20,5,2,5
BRDA:26,6,0,4
BRDA:26,6,1,0
BRDA:32,7,0,3
BRDA:36,8,0,1
BRDA:39,9,0,1
BRDA:43,10,0,1
BRDA:49,11,0,0
BRDA:55,12,0,0
BRDA:55,12,1,9
BRDA:58,13,0,1
BRDA:63,14,0,7
BRF:23
BRH:19
end_of_record
TN:
SF:src/shared/constants.ts
FNF:0
FNH:0
DA:3,1
DA:9,1
DA:10,1
LF:3
LH:3
BRF:0
BRH:0
end_of_record
